#
# There is insufficient memory for the Java Runtime Environment to continue.
# Native memory allocation (mmap) failed to map 264241152 bytes for G1 virtual space
# Possible reasons:
#   The system is out of physical RAM or swap space
#   The process is running with CompressedOops enabled, and the Java Heap may be blocking the growth of the native heap
# Possible solutions:
#   Reduce memory load on the system
#   Increase physical memory or swap space
#   Check if swap backing store is full
#   Decrease Java heap size (-Xmx/-Xms)
#   Decrease number of Java threads
#   Decrease Java thread stack sizes (-Xss)
#   Set larger code cache with -XX:ReservedCodeCacheSize=
#   JVM is running with Zero Based Compressed Oops mode in which the Java heap is
#     placed in the first 32GB address space. The Java Heap base address is the
#     maximum limit for the native heap growth. Please use -XX:HeapBaseMinAddress
#     to set the Java Heap base and to place the Java Heap above 32GB virtual address.
# This output file may be truncated or incomplete.
#
#  Out of Memory Error (os_windows.cpp:3600), pid=29224, tid=4216
#
# JRE version:  (21.0.2+13) (build )
# Java VM: Java HotSpot(TM) 64-Bit Server VM (21.0.2+13-LTS-58, mixed mode, sharing, tiered, compressed oops, compressed class ptrs, g1 gc, windows-amd64)
# No core dump will be written. Minidumps are not enabled by default on client versions of Windows
#

---------------  S U M M A R Y ------------

Command Line: -javaagent:C:\Program Files\JetBrains\IntelliJ IDEA\lib\idea_rt.jar=56281:C:\Program Files\JetBrains\IntelliJ IDEA\bin -Dfile.encoding=UTF-8 -Dsun.stdout.encoding=UTF-8 -Dsun.stderr.encoding=UTF-8 io.young.rpc.test.consumer.codec.YoungTestConsumer

Host: 12th Gen Intel(R) Core(TM) i5-12400, 12 cores, 15G,  Windows 11 , 64 bit Build 26100 (10.0.26100.2454)
Time: Fri Dec 27 09:34:54 2024  Windows 11 , 64 bit Build 26100 (10.0.26100.2454) elapsed time: 1.076746 seconds (0d 0h 0m 1s)

---------------  T H R E A D  ---------------

Current thread (0x000001f96f13db30):  JavaThread "Unknown thread" [_thread_in_vm, id=4216, stack(0x0000002fadf00000,0x0000002fae000000) (1024K)]

Stack: [0x0000002fadf00000,0x0000002fae000000]
Native frames: (J=compiled Java code, j=interpreted, Vv=VM code, C=native code)
V  [jvm.dll+0x6cade9]
V  [jvm.dll+0x8569c1]
V  [jvm.dll+0x858d2e]
V  [jvm.dll+0x859413]
V  [jvm.dll+0x280e56]
V  [jvm.dll+0x6c74d5]
V  [jvm.dll+0x6bbeca]
V  [jvm.dll+0x355bca]
V  [jvm.dll+0x35d816]
V  [jvm.dll+0x3ae67e]
V  [jvm.dll+0x3ae928]
V  [jvm.dll+0x3295dc]
V  [jvm.dll+0x32a16b]
V  [jvm.dll+0x81efa9]
V  [jvm.dll+0x3bba01]
V  [jvm.dll+0x807928]
V  [jvm.dll+0x44f50e]
V  [jvm.dll+0x450e11]
C  [jli.dll+0x52a3]
C  [ucrtbase.dll+0x14ea0]
C  [KERNEL32.DLL+0x2e8d7]
C  [ntdll.dll+0xdfbcc]


---------------  P R O C E S S  ---------------

Threads class SMR info:
_java_thread_list=0x00007ffca461bb88, length=0, elements={
}

Java Threads: ( => current thread )
Total: 0

Other Threads:
  0x000001f96f1a6320 WorkerThread "GC Thread#0"                     [id=20076, stack(0x0000002fae000000,0x0000002fae100000) (1024K)]
  0x000001f96f1b8520 ConcurrentGCThread "G1 Main Marker"            [id=30600, stack(0x0000002fae100000,0x0000002fae200000) (1024K)]
  0x000001f96f1b9020 WorkerThread "G1 Conc#0"                       [id=30032, stack(0x0000002fae200000,0x0000002fae300000) (1024K)]

[error occurred during error reporting (printing all threads), id 0xc0000005, EXCEPTION_ACCESS_VIOLATION (0xc0000005) at pc=0x00007ffca3d8c6a7]
VM state: not at safepoint (not fully initialized)

VM Mutex/Monitor currently owned by a thread:  ([mutex/lock_event])
[0x00007ffca468ce68] Heap_lock - owner thread: 0x000001f96f13db30

Heap address: 0x0000000704600000, size: 4026 MB, Compressed Oops mode: Zero based, Oop shift amount: 3

CDS archive(s) mapped at: [0x0000000000000000-0x0000000000000000-0x0000000000000000), size 0, SharedBaseAddress: 0x0000000800000000, ArchiveRelocationMode: 1.
Narrow klass base: 0x0000000000000000, Narrow klass shift: 0, Narrow klass range: 0x0

GC Precious Log:
 CardTable entry size: 512
 Card Set container configuration: InlinePtr #cards 4 size 8 Array Of Cards #cards 16 size 48 Howl #buckets 8 coarsen threshold 3686 Howl Bitmap #cards 512 size 80 coarsen threshold 460 Card regions per heap region 1 cards per card region 4096

Heap:
 garbage-first heap   total 0K, used 0K [0x0000000704600000, 0x0000000800000000)
  region size 2048K, 0 young (0K), 0 survivors (0K)

[error occurred during error reporting (printing heap information), id 0xc0000005, EXCEPTION_ACCESS_VIOLATION (0xc0000005) at pc=0x00007ffca41739f9]
GC Heap History (0 events):
No events

Dll operation events (1 events):
Event: 0.006 Loaded shared library D:\JDK21\bin\java.dll

Deoptimization events (0 events):
No events

Classes loaded (0 events):
No events

Classes unloaded (0 events):
No events

Classes redefined (0 events):
No events

Internal exceptions (0 events):
No events

ZGC Phase Switch (0 events):
No events

VM Operations (0 events):
No events

Events (0 events):
No events


Dynamic libraries:
0x00007ff679320000 - 0x00007ff679330000 	D:\JDK21\bin\java.exe
0x00007ffce8cc0000 - 0x00007ffce8f23000 	C:\WINDOWS\SYSTEM32\ntdll.dll
0x00007ffce7970000 - 0x00007ffce7a38000 	C:\WINDOWS\System32\KERNEL32.DLL
0x00007ffce6230000 - 0x00007ffce65e2000 	C:\WINDOWS\System32\KERNELBASE.dll
0x00007ffce68a0000 - 0x00007ffce69eb000 	C:\WINDOWS\System32\ucrtbase.dll
0x00007ffce1010000 - 0x00007ffce1029000 	D:\JDK21\bin\jli.dll
0x00007ffce0ff0000 - 0x00007ffce100b000 	D:\JDK21\bin\VCRUNTIME140.dll
0x00007ffce7e90000 - 0x00007ffce7f44000 	C:\WINDOWS\System32\ADVAPI32.dll
0x00007ffce7f50000 - 0x00007ffce7ff9000 	C:\WINDOWS\System32\msvcrt.dll
0x00007ffce6be0000 - 0x00007ffce6c86000 	C:\WINDOWS\System32\sechost.dll
0x00007ffce81a0000 - 0x00007ffce82b6000 	C:\WINDOWS\System32\RPCRT4.dll
0x00007ffce74e0000 - 0x00007ffce76a8000 	C:\WINDOWS\System32\USER32.dll
0x00007ffcc6d80000 - 0x00007ffcc7010000 	C:\WINDOWS\WinSxS\amd64_microsoft.windows.common-controls_6595b64144ccf1df_6.0.26100.2454_none_3e0b68a2e331ad60\COMCTL32.dll
0x00007ffce6090000 - 0x00007ffce60b7000 	C:\WINDOWS\System32\win32u.dll
0x00007ffce7cc0000 - 0x00007ffce7cea000 	C:\WINDOWS\System32\GDI32.dll
0x00007ffce6770000 - 0x00007ffce689b000 	C:\WINDOWS\System32\gdi32full.dll
0x00007ffce60c0000 - 0x00007ffce6163000 	C:\WINDOWS\System32\msvcp_win.dll
0x00007ffcd2f90000 - 0x00007ffcd2f9b000 	C:\WINDOWS\SYSTEM32\VERSION.dll
0x00007ffce7aa0000 - 0x00007ffce7acf000 	C:\WINDOWS\System32\IMM32.DLL
0x00007ffce1c40000 - 0x00007ffce1c4c000 	D:\JDK21\bin\vcruntime140_1.dll
0x00007ffce0f20000 - 0x00007ffce0fae000 	D:\JDK21\bin\msvcp140.dll
0x00007ffca3a50000 - 0x00007ffca4767000 	D:\JDK21\bin\server\jvm.dll
0x00007ffce7bc0000 - 0x00007ffce7c34000 	C:\WINDOWS\System32\WS2_32.dll
0x00007ffce5280000 - 0x00007ffce52ce000 	C:\WINDOWS\SYSTEM32\POWRPROF.dll
0x00007ffcde1d0000 - 0x00007ffcde206000 	C:\WINDOWS\SYSTEM32\WINMM.dll
0x00007ffce5230000 - 0x00007ffce5244000 	C:\WINDOWS\SYSTEM32\UMPDC.dll
0x00007ffce4ea0000 - 0x00007ffce4eba000 	C:\WINDOWS\SYSTEM32\kernel.appcore.dll
0x00007ffce0f10000 - 0x00007ffce0f1a000 	D:\JDK21\bin\jimage.dll
0x00007ffce35b0000 - 0x00007ffce37f1000 	C:\WINDOWS\SYSTEM32\DBGHELP.DLL
0x00007ffce7150000 - 0x00007ffce74ce000 	C:\WINDOWS\System32\combase.dll
0x00007ffce7ae0000 - 0x00007ffce7bb6000 	C:\WINDOWS\System32\OLEAUT32.dll
0x00007ffccef50000 - 0x00007ffccef89000 	C:\WINDOWS\SYSTEM32\dbgcore.DLL
0x00007ffce69f0000 - 0x00007ffce6a89000 	C:\WINDOWS\System32\bcryptPrimitives.dll
0x00007ffcd3cf0000 - 0x00007ffcd3cff000 	D:\JDK21\bin\instrument.dll
0x00007ffce0ef0000 - 0x00007ffce0f0f000 	D:\JDK21\bin\java.dll

dbghelp: loaded successfully - version: 4.0.5 - missing functions: none
symbol engine: initialized successfully - sym options: 0x614 - pdb path: .;D:\JDK21\bin;C:\WINDOWS\SYSTEM32;C:\WINDOWS\WinSxS\amd64_microsoft.windows.common-controls_6595b64144ccf1df_6.0.26100.2454_none_3e0b68a2e331ad60;D:\JDK21\bin\server

VM Arguments:
jvm_args: -javaagent:C:\Program Files\JetBrains\IntelliJ IDEA\lib\idea_rt.jar=56281:C:\Program Files\JetBrains\IntelliJ IDEA\bin -Dfile.encoding=UTF-8 -Dsun.stdout.encoding=UTF-8 -Dsun.stderr.encoding=UTF-8 
java_command: io.young.rpc.test.consumer.codec.YoungTestConsumer
java_class_path (initial): D:\Young-SelfSpace\YoungRPC\young-test\young-test-consumer\target\classes;D:\Young-SelfSpace\YoungRPC\young-protocol\target\classes;D:\Young-SelfSpace\YoungRPC\young-common\target\classes;D:\Young-SelfSpace\YoungRPC\young-annotation\target\classes;C:\Users\Pluto\.m2\repository\org\springframework\boot\spring-boot-starter\3.3.2\spring-boot-starter-3.3.2.jar;C:\Users\Pluto\.m2\repository\org\springframework\boot\spring-boot\3.3.2\spring-boot-3.3.2.jar;C:\Users\Pluto\.m2\repository\org\springframework\spring-context\6.1.11\spring-context-6.1.11.jar;C:\Users\Pluto\.m2\repository\org\springframework\spring-aop\6.1.11\spring-aop-6.1.11.jar;C:\Users\Pluto\.m2\repository\org\springframework\spring-beans\6.1.11\spring-beans-6.1.11.jar;C:\Users\Pluto\.m2\repository\org\springframework\spring-expression\6.1.11\spring-expression-6.1.11.jar;C:\Users\Pluto\.m2\repository\io\micrometer\micrometer-observation\1.12.8\micrometer-observation-1.12.8.jar;C:\Users\Pluto\.m2\repository\io\micrometer\micrometer-commons\1.12.8\micrometer-commons-1.12.8.jar;C:\Users\Pluto\.m2\repository\org\springframework\boot\spring-boot-autoconfigure\3.3.2\spring-boot-autoconfigure-3.3.2.jar;C:\Users\Pluto\.m2\repository\org\springframework\boot\spring-boot-starter-logging\3.3.2\spring-boot-starter-logging-3.3.2.jar;C:\Users\Pluto\.m2\repository\ch\qos\logback\logback-classic\1.5.6\logback-classic-1.5.6.jar;C:\Users\Pluto\.m2\repository\ch\qos\logback\logback-core\1.5.6\logback-core-1.5.6.jar;C:\Users\Pluto\.m2\repository\org\apache\logging\log4j\log4j-to-slf4j\2.23.1\log4j-to-slf4j-2.23.1.jar;C:\Users\Pluto\.m2\repository\org\apache\logging\log4j\log4j-api\2.23.1\log4j-api-2.23.1.jar;C:\Users\Pluto\.m2\repository\org\slf4j\jul-to-slf4j\2.0.13\jul-to-slf4j-2.0.13.jar;C:\Users\Pluto\.m2\repository\jakarta\annotation\jakarta.annotation-api\2.1.1\jakarta.annotation-api-2.1.1.jar;C:\Users\Pluto\.m2\repository\org\springframework\spring-core\6.1.11\spring-core-6.1.11.jar;C:\Users\Pluto\.m2\repository\org\springframework\spring-jcl\6.1.11\spring-jcl-6.1.11.jar;C:\Users\Pluto\.m2\repository\org\yaml\snakeyaml\2.2\snakeyaml-2.2.jar;D:\Young-SelfSpace\YoungRPC\young-constants\target\classes;D:\Young-SelfSpace\YoungRPC\young-codec\target\classes;D:\Young-SelfSpace\YoungRPC\young-serialization\young-serialization-jdk\target\classes;D:\Young-SelfSpace\YoungRPC\young-serialization\young-serialization-api\target\classes;C:\Users\Pluto\.m2\repository\io\netty\netty-codec\4.1.116.Final\netty-codec-4.1.116.Final.jar;C:\Users\Pluto\.m2\repository\io\netty\netty-all\4.1.116.Final\netty-all-4.1.116.Final.jar;C:\Users\Pluto\.m2\repository\io\netty\netty-buffer\4.1.116.Final\netty-buffer-4.1.116.Final.jar;C:\Users\Pluto\.m2\repository\io\netty\netty-codec-dns\4.1.116.Final\netty-codec-dns-4.1.116.Final.jar;C:\Users\Pluto\.m2\repository\io\netty\netty-codec-haproxy\4.1.116.Final\netty-codec-haproxy-4.1.116.Final.jar;C:\Users\Pluto\.m2\repository\io\netty\netty-codec-http\4.1.116.Final\netty-codec-http-4.1.116.Final.jar;C:\Users\Pluto\.m2\repository\io\netty\netty-codec-http2\4.1.116.Final\netty-codec-http2-4.1.116.Final.jar;C:\Users\Pluto\.m2\repository\io\netty\netty-codec-memcache\4.1.116.Final\netty-codec-memcache-4.1.116.Final.jar;C:\Users\Pluto\.m2\repository\io\netty\netty-codec-mqtt\4.1.116.Final\netty-codec-mqtt-4.1.116.Final.jar;C:\Users\Pluto\.m2\repository\io\netty\netty-codec-redis\4.1.116.Final\netty-codec-redis-4.1.116.Final.jar;C:\Users\Pluto\.m2\repository\io\netty\netty-codec-smtp\4.1.116.Final\netty-codec-smtp-4.1.116.Final.jar;C:\Users\Pluto\.m2\repository\io\netty\netty-codec-socks\4.1.116.Final\netty-codec-socks-4.1.116.Final.jar;C:\Users\Pluto\.m2\repository\io\netty\netty-codec-stomp\4.1.116.Final\netty-codec-stomp-4.1.116.Final.jar;C:\Users\Pluto\.m2\repository\io\netty\netty-codec-xml\4.1.116.Final\netty-codec-xml-4.1.116.Final.jar;C:\Users\Pluto\.m2\repository\io\netty\netty-common\4.1.116.Final\netty-common-4.1.116.Final.jar;C:\Users\Pluto\.m2\repository\io\netty\netty-handler\4.1.116.Final\netty-handler-4.1.116.Final.jar;C:\Users\Pluto\.m2\repository\io\netty\netty-transport-native-unix-common\4.1.116.Final\netty-transport-native-unix-common-4.1.116.Final.jar;C:\Users\Pluto\.m2\repository\io\netty\netty-handler-proxy\4.1.116.Final\netty-handler-proxy-4.1.116.Final.jar;C:\Users\Pluto\.m2\repository\io\netty\netty-handler-ssl-ocsp\4.1.116.Final\netty-handler-ssl-ocsp-4.1.116.Final.jar;C:\Users\Pluto\.m2\repository\io\netty\netty-resolver\4.1.116.Final\netty-resolver-4.1.116.Final.jar;C:\Users\Pluto\.m2\repository\io\netty\netty-resolver-dns\4.1.116.Final\netty-resolver-dns-4.1.116.Final.jar;C:\Users\Pluto\.m2\repository\io\netty\netty-transport\4.1.116.Final\netty-transport-4.1.116.Final.jar;C:\Users\Pluto\.m2\repository\io\netty\netty-transport-rxtx\4.1.116.Final\netty-transport-rxtx-4.1.116.Final.jar;C:\Users\Pluto\.m2\repository\io\netty\netty-transport-sctp\4.1.116.Final\netty-transport-sctp-4.1.116.Final.jar;C:\Users\Pluto\.m2\repository\io\netty\netty-transport-udt\4.1.116.Final\netty-transport-udt-4.1.116.Final.jar;C:\Users\Pluto\.m2\repository\io\netty\netty-transport-classes-epoll\4.1.116.Final\netty-transport-classes-epoll-4.1.116.Final.jar;C:\Users\Pluto\.m2\repository\io\netty\netty-transport-classes-kqueue\4.1.116.Final\netty-transport-classes-kqueue-4.1.116.Final.jar;C:\Users\Pluto\.m2\repository\io\netty\netty-resolver-dns-classes-macos\4.1.116.Final\netty-resolver-dns-classes-macos-4.1.116.Final.jar;C:\Users\Pluto\.m2\repository\io\netty\netty-transport-native-epoll\4.1.116.Final\netty-transport-native-epoll-4.1.116.Final-linux-x86_64.jar;C:\Users\Pluto\.m2\repository\io\netty\netty-transport-native-epoll\4.1.116.Final\netty-transport-native-epoll-4.1.116.Final-linux-aarch_64.jar;C:\Users\Pluto\.m2\repository\io\netty\netty-transport-native-epoll\4.1.116.Final\netty-transport-native-epoll-4.1.116.Final-linux-riscv64.jar;C:\Users\Pluto\.m2\repository\io\netty\netty-transport-native-kqueue\4.1.116.Final\netty-transport-native-kqueue-4.1.116.Final-osx-x86_64.jar;C:\Users\Pluto\.m2\repository\io\netty\netty-transport-native-kqueue\4.1.116.Final\netty-transport-native-kqueue-4.1.116.Final-osx-aarch_64.jar;C:\Users\Pluto\.m2\repository\io\netty\netty-resolver-dns-native-macos\4.1.116.Final\netty-resolver-dns-native-macos-4.1.116.Final-osx-x86_64.jar;C:\Users\Pluto\.m2\repository\io\netty\netty-resolver-dns-native-macos\4.1.116.Final\netty-resolver-dns-native-macos-4.1.116.Final-osx-aarch_64.jar;C:\Users\Pluto\.m2\repository\junit\junit\4.13.2\junit-4.13.2.jar;C:\Users\Pluto\.m2\repository\org\hamcrest\hamcrest-core\1.3\hamcrest-core-1.3.jar;C:\Users\Pluto\.m2\repository\com\alibaba\fastjson2\fastjson2\2.0.47\fastjson2-2.0.47.jar;C:\Users\Pluto\.m2\repository\org\slf4j\slf4j-api\2.0.13\slf4j-api-2.0.13.jar
Launcher Type: SUN_STANDARD

[Global flags]
     intx CICompilerCount                          = 4                                         {product} {ergonomic}
     uint ConcGCThreads                            = 3                                         {product} {ergonomic}
     uint G1ConcRefinementThreads                  = 10                                        {product} {ergonomic}
   size_t G1HeapRegionSize                         = 2097152                                   {product} {ergonomic}
    uintx GCDrainStackTargetSize                   = 64                                        {product} {ergonomic}
   size_t InitialHeapSize                          = 264241152                                 {product} {ergonomic}
   size_t MarkStackSize                            = 4194304                                   {product} {ergonomic}
   size_t MaxHeapSize                              = 4221566976                                {product} {ergonomic}
   size_t MinHeapDeltaBytes                        = 2097152                                   {product} {ergonomic}
   size_t MinHeapSize                              = 8388608                                   {product} {ergonomic}
    uintx NonNMethodCodeHeapSize                   = 5839372                                {pd product} {ergonomic}
    uintx NonProfiledCodeHeapSize                  = 122909434                              {pd product} {ergonomic}
    uintx ProfiledCodeHeapSize                     = 122909434                              {pd product} {ergonomic}
    uintx ReservedCodeCacheSize                    = 251658240                              {pd product} {ergonomic}
     bool SegmentedCodeCache                       = true                                      {product} {ergonomic}
   size_t SoftMaxHeapSize                          = 4221566976                             {manageable} {ergonomic}
     bool UseCompressedOops                        = true                           {product lp64_product} {ergonomic}
     bool UseG1GC                                  = true                                      {product} {ergonomic}
     bool UseLargePagesIndividualAllocation        = false                                  {pd product} {ergonomic}

Logging:
Log output configuration:
 #0: stdout all=warning uptime,level,tags foldmultilines=false
 #1: stderr all=off uptime,level,tags foldmultilines=false

Environment Variables:
JAVA_HOME=D:\JDK1.8
PATH=C:\WINDOWS\system32;C:\WINDOWS;C:\WINDOWS\System32\Wbem;C:\WINDOWS\System32\WindowsPowerShell\v1.0\;C:\WINDOWS\System32\OpenSSH\;D:\JDK1.8;D:\JDK1.8\bin\;D:\Maven-3.8.6;D:\Maven-3.8.6\bin;C:\Users\Pluto\.cargo\bin;C:\Program Files\Pandoc\;C:\Program Files (x86)\pcsuite\;C:\Program Files\nodejs\;C:\Program Files\dotnet\;C:\Program Files\Git\cmd;C:\Users\Pluto\.cargo\bin;C:\Users\Pluto\AppData\Local\Microsoft\WindowsApps;C:\Users\Pluto\AppData\Local\JetBrains\Toolbox\scripts;C:\Users\Pluto\AppData\Local\Programs\Microsoft VS Code\bin;C:\Users\Pluto\AppData\Local\Microsoft\WindowsApps;C:\Users\Pluto\AppData\Roaming\go;C:\Users\Pluto\AppData\Roaming\npm;
USERNAME=Pluto
OS=Windows_NT
PROCESSOR_IDENTIFIER=Intel64 Family 6 Model 151 Stepping 5, GenuineIntel
TMP=C:\Users\Pluto\AppData\Local\Temp
TEMP=C:\Users\Pluto\AppData\Local\Temp




Periodic native trim disabled

---------------  S Y S T E M  ---------------

OS:
 Windows 11 , 64 bit Build 26100 (10.0.26100.2454)
OS uptime: 4 days 0:16 hours
Hyper-V role detected

CPU: total 12 (initial active 12) (6 cores per cpu, 2 threads per core) family 6 model 151 stepping 5 microcode 0x1e, cx8, cmov, fxsr, ht, mmx, 3dnowpref, sse, sse2, sse3, ssse3, sse4.1, sse4.2, popcnt, lzcnt, tsc, tscinvbit, avx, avx2, aes, erms, clmul, bmi1, bmi2, adx, sha, fma, vzeroupper, clflush, clflushopt, clwb, hv, serialize, rdtscp, rdpid, fsrm, f16c, cet_ibt, cet_ss
Processor Information for all 12 processors :
  Max Mhz: 2500, Current Mhz: 2500, Mhz Limit: 2500

Memory: 4k page, system-wide physical 16099M (2953M free)
TotalPageFile size 16099M (AvailPageFile size 190M)
current process WorkingSet (physical memory assigned to process): 12M, peak: 12M
current process commit charge ("private bytes"): 64M, peak: 316M

vm_info: Java HotSpot(TM) 64-Bit Server VM (21.0.2+13-LTS-58) for windows-amd64 JRE (21.0.2+13-LTS-58), built on 2024-01-05T18:32:24Z by "mach5one" with MS VC++ 17.1 (VS2022)

END.
